<?xml version="1.0" encoding="UTF-8"?>
<!-- Generated by org.testng.reporters.JUnitReportReporter -->
<testsuite hostname="jagadeesh" failures="0" tests="1" name="DemoMaven.Test3" time="9.382" errors="0" timestamp="2025-03-06T12:56:33 IST" skipped="0">
  <testcase classname="DemoMaven.Test3" name="TestMenu" time="9.382"/>
</testsuite> <!-- DemoMaven.Test3 -->
