<?xml version="1.0" encoding="UTF-8"?>
<!-- Generated by org.testng.reporters.JUnitReportReporter -->
<testsuite hostname="jagadeesh" failures="0" tests="1" name="DemoMaven.Test2" time="13.303" errors="0" timestamp="2025-03-06T12:56:33 IST" skipped="0">
  <testcase classname="DemoMaven.Test2" name="Testloginbutton" time="13.303"/>
</testsuite> <!-- DemoMaven.Test2 -->
