<?xml version="1.0" encoding="UTF-8"?>
<!-- Generated by org.testng.reporters.JUnitReportReporter -->
<testsuite hostname="jagadeesh" failures="0" tests="1" name="DemoMaven.Test1" time="12.440" errors="0" timestamp="2025-03-06T12:56:33 IST" skipped="0">
  <testcase classname="DemoMaven.Test1" name="TestTitle" time="12.440"/>
</testsuite> <!-- DemoMaven.Test1 -->
