<?xml version="1.0" encoding="UTF-8"?>
<!-- Generated by org.testng.reporters.JUnitReportReporter -->
<testsuite hostname="jagadeesh" failures="0" tests="1" name="DemoMaven.Login" time="2.165" errors="0" timestamp="2025-03-04T17:00:36 IST" skipped="0">
  <testcase classname="DemoMaven.Login" name="login" time="2.165"/>
</testsuite> <!-- DemoMaven.Login -->
